Labelling the lines as (*L0,L1,L4),(*L5,L2,L3).

Matrix for action of s_0*:
[ 3  0  0  0  0  2  1  1  0  0  0  1  0  1  0  0]
[ 0  0  0  0  1  0  0  0  0  0  0  0  0  0  0  0]
[ 0  0  0  1  0  0  0  0  0  0  0  0  0  0  0  0]
[ 0  0  1  0  0  0  0  0  0  0  0  0  0  0  0  0]
[ 0  1  0  0  0  0  0  0  0  0  0  0  0  0  0  0]
[-2  0  0  0  0 -1 -1 -1  0  0  0 -1  0 -1  0  0]
[-1  0  0  0  0 -1 -1  0  0  0  0  0  0  0  0  0]
[-1  0  0  0  0 -1  0 -1  0  0  0  0  0  0  0  0]
[ 0  0  0  0  0  0  0  0  1  0  0  0  0  0  0  0]
[ 0  0  0  0  0  0  0  0  0  0  0  0  0  0  0  1]
[ 0  0  0  0  0  0  0  0  0  0  1  0  0  0  0  0]
[-1  0  0  0  0 -1  0  0  0  0  0 -1  0  0  0  0]
[ 0  0  0  0  0  0  0  0  0  0  0  0  0  0  1  0]
[-1  0  0  0  0 -1  0  0  0  0  0  0  0 -1  0  0]
[ 0  0  0  0  0  0  0  0  0  0  0  0  1  0  0  0]
[ 0  0  0  0  0  0  0  0  0  1  0  0  0  0  0  0]

Check for correct action on known classes:  M*X == B:
True
Check that M*M == id:
True
Check that M preserves intersection form:
True

Vertices of polyhedron:
[ 1  0  0  0  0 -1  0  0  0  0  0  0  0  0  0  0]
Rays of polyhedron:
[ 4  0 -1 -1  0 -2 -1 -1 -2  0  0 -1 -1 -1 -1  0]
[ 5 -1  0  0 -1 -3 -1 -1 -2  0 -2 -1 -1 -1 -1  0]
[ 5  0 -1 -1  0 -3 -1 -1 -2 -1 -2 -1  0 -1  0 -1]
[ 3 -1  0  0 -1 -1 -1 -1  0  0  0 -1 -1 -1 -1  0]
[ 4 -1  0  0 -1 -2 -1 -1  0 -1 -2 -1  0 -1  0 -1]
[ 3  0 -1 -1  0 -1 -1 -1  0 -1  0 -1  0 -1  0 -1]

Intersection numbers of generating classes are:
[0|2 2 2 2 2 2]
[-+-----------]
[2|0 4 4 4 8 4]
[2|4 0 4 4 4 8]
[2|4 4 0 8 4 4]
[2|4 4 8 0 4 4]
[2|8 4 4 4 0 4]
[2|4 8 4 4 4 0]


Matrix for transformation fixing L_0 pointwise
Degree of transformation:
1944353
Dynamical degree of transformation:
752897.964334790?
